C51 COMPILER V9.59.0.0   MAIN                                                              06/25/2022 15:04:43 PAGE 1   


C51 COMPILER V9.59.0.0, COMPILATION OF MODULE MAIN
OBJECT MODULE PLACED IN .\Objects\main.obj
COMPILER INVOKED BY: D:\keil\C51\BIN\C51.EXE main.c OPTIMIZE(8,SPEED) BROWSE DEBUG OBJECTEXTEND PRINT(.\Listings\main.ls
                    -t) OBJECT(.\Objects\main.obj)

line level    source

   1          #include <REGX51.H>
   2          
   3          void Delay(unsigned int xms)
   4          {
   5   1              while(xms--)
   6   1              {
   7   2                      unsigned char i, j;
   8   2      
   9   2              i = 2;
  10   2              j = 239;
  11   2              do
  12   2              {
  13   3                      while (--j);
  14   3              } while (--i);
  15   2              }
  16   1      }
  17          
  18          void main()
  19          {
  20   1              while(1)
  21   1              {
  22   2                      if(P1_2==0)
  23   2                      {
  24   3                              Delay(20);
  25   3                      while(P1_2==0);
  26   3                              Delay(20);
  27   3                              P2_1=~P2_1;
  28   3                      }
  29   2              }
  30   1      }


MODULE INFORMATION:   STATIC OVERLAYABLE
   CODE SIZE        =     49    ----
   CONSTANT SIZE    =   ----    ----
   XDATA SIZE       =   ----    ----
   PDATA SIZE       =   ----    ----
   DATA SIZE        =   ----       2
   IDATA SIZE       =   ----    ----
   BIT SIZE         =   ----    ----
END OF MODULE INFORMATION.


C51 COMPILATION COMPLETE.  0 WARNING(S),  0 ERROR(S)
