C51 COMPILER V9.59.0.0   MAIN                                                              06/25/2022 15:55:01 PAGE 1   


C51 COMPILER V9.59.0.0, COMPILATION OF MODULE MAIN
OBJECT MODULE PLACED IN .\Objects\main.obj
COMPILER INVOKED BY: D:\keil\C51\BIN\C51.EXE main.c OPTIMIZE(8,SPEED) BROWSE DEBUG OBJECTEXTEND PRINT(.\Listings\main.ls
                    -t) OBJECT(.\Objects\main.obj)

line level    source

   1          #include <REGX51.H>
   2          
   3          void Delay(unsigned int xms)
   4          {
   5   1              while(xms--)
   6   1              {
   7   2                      unsigned char i, j;
   8   2      
   9   2              i = 2;
  10   2              j = 239;
  11   2              do
  12   2              {
  13   3                      while (--j);
  14   3              } while (--i);
  15   2              }
  16   1      }
  17          
  18          void main()
  19          {
  20   1              unsigned char lednum;
  21   1              P2=0xfe;
  22   1              while(1)
  23   1              {
  24   2                      if(P1_2==0)
  25   2                      {
  26   3                      Delay(20);
  27   3                      while(P1_2==0);
  28   3                      Delay(20);
  29   3                      
  30   3                      lednum++;
  31   3                      if(lednum>=8)
  32   3                              lednum=0;
  33   3                      P2=~(0x01<<lednum);
  34   3                      }
  35   2                      
  36   2                      if(P1_3==0)
  37   2                      {
  38   3                      Delay(20);
  39   3                      while(P1_3==0);
  40   3                      Delay(20);
  41   3                      
  42   3                      
  43   3                      if(lednum<=0)
  44   3                              lednum=7;
  45   3                      else
  46   3                              lednum--;
  47   3                      P2=~(0x01<<lednum);
  48   3                      }
  49   2              }
  50   1              
  51   1      }


MODULE INFORMATION:   STATIC OVERLAYABLE
C51 COMPILER V9.59.0.0   MAIN                                                              06/25/2022 15:55:01 PAGE 2   

   CODE SIZE        =    114    ----
   CONSTANT SIZE    =   ----    ----
   XDATA SIZE       =   ----    ----
   PDATA SIZE       =   ----    ----
   DATA SIZE        =   ----       2
   IDATA SIZE       =   ----    ----
   BIT SIZE         =   ----    ----
END OF MODULE INFORMATION.


C51 COMPILATION COMPLETE.  0 WARNING(S),  0 ERROR(S)
