C51 COMPILER V9.59.0.0   MAIN                                                              07/08/2022 09:57:15 PAGE 1   


C51 COMPILER V9.59.0.0, COMPILATION OF MODULE MAIN
OBJECT MODULE PLACED IN .\Objects\main.obj
COMPILER INVOKED BY: D:\keil\C51\BIN\C51.EXE main.c OPTIMIZE(8,SPEED) BROWSE DEBUG OBJECTEXTEND PRINT(.\Listings\main.ls
                    -t) OBJECT(.\Objects\main.obj)

line level    source

   1          #include <REGX51.H>
   2          #include <INTRINS.H>
   3          #include "A.H"
   4          
   5          sbit Beep=P2^5;
   6          
   7          unsigned char KeyNum;
   8          
   9          /**
  10            * @brief  蜂鸣器私有延时函数，延时500us
  11            * @param  无
  12            * @retval 无
  13            */
  14          void Buzzer_Delay500us()                //@12.000MHz
  15          {
  16   1              unsigned char i;
  17   1      
  18   1              _nop_();
  19   1              i = 247;
  20   1              while (--i);
  21   1      }
  22          
  23          void Buzzer(unsigned int ms)
  24          {
  25   1              unsigned int i;
  26   1              for(i=0;i<ms*2;i++)
  27   1              {
  28   2                      Beep=!Beep;
  29   2                      Buzzer_Delay500us();
  30   2              }
  31   1      }
  32          
  33          void main()
  34          {
  35   1              while(1)
  36   1              {
  37   2                      KeyNum=Key();
  38   2                      if(KeyNum>0)
  39   2                      {
  40   3                              Buzzer(100);
  41   3                      }
  42   2              }
  43   1      }


MODULE INFORMATION:   STATIC OVERLAYABLE
   CODE SIZE        =     64    ----
   CONSTANT SIZE    =   ----    ----
   XDATA SIZE       =   ----    ----
   PDATA SIZE       =   ----    ----
   DATA SIZE        =      1    ----
   IDATA SIZE       =   ----    ----
   BIT SIZE         =   ----    ----
END OF MODULE INFORMATION.

C51 COMPILER V9.59.0.0   MAIN                                                              07/08/2022 09:57:15 PAGE 2   


C51 COMPILATION COMPLETE.  0 WARNING(S),  0 ERROR(S)
