C51 COMPILER V9.59.0.0   DELAY                                                             10/31/2022 20:47:30 PAGE 1   


C51 COMPILER V9.59.0.0, COMPILATION OF MODULE DELAY
OBJECT MODULE PLACED IN .\Objects\Delay.obj
COMPILER INVOKED BY: D:\keil\C51\BIN\C51.EXE Delay.c OPTIMIZE(8,SPEED) BROWSE DEBUG OBJECTEXTEND PRINT(.\Listings\Delay.
                    -lst) OBJECT(.\Objects\Delay.obj)

line level    source

   1          //#include <intrins.h>
   2          void Delay(unsigned int x) //@11.0592MHz 1ms
   3          {
   4   1              unsigned int i,y;
   5   1              for(i=x;i>0;i--)
   6   1              {
   7   2              for(y=115;y>0;y--);
   8   2              }
   9   1      }


MODULE INFORMATION:   STATIC OVERLAYABLE
   CODE SIZE        =     30    ----
   CONSTANT SIZE    =   ----    ----
   XDATA SIZE       =   ----    ----
   PDATA SIZE       =   ----    ----
   DATA SIZE        =   ----    ----
   IDATA SIZE       =   ----    ----
   BIT SIZE         =   ----    ----
END OF MODULE INFORMATION.


C51 COMPILATION COMPLETE.  0 WARNING(S),  0 ERROR(S)
