C51 COMPILER V9.59.0.0   DHT11                                                             10/31/2022 22:45:15 PAGE 1   


C51 COMPILER V9.59.0.0, COMPILATION OF MODULE DHT11
OBJECT MODULE PLACED IN .\Objects\DHT11.obj
COMPILER INVOKED BY: D:\keil\C51\BIN\C51.EXE DHT11.c OPTIMIZE(8,SPEED) BROWSE DEBUG OBJECTEXTEND PRINT(.\Listings\DHT11.
                    -lst) OBJECT(.\Objects\DHT11.obj)

line level    source

   1          #include <REGX51.H>
   2          
   3          #define DHT11 P1_0
   4          
   5          unsigned char DHT11_Star(void)
   6          {
   7   1              unsigned char i, j;
   8   1              DHT11=1;
   9   1              DHT11=0;        
  10   1              //主机拉低20ms以发送开始信号
  11   1              i = 36;
  12   1              j = 217;
  13   1              do
  14   1              {
  15   2                      while (--j);
  16   2              } while (--i);
  17   1      
  18   1              //拉高并等待30us,DHT11拉低以响应主机
  19   1              i = 11;
  20   1              while (--i);
  21   1              return DHT11;
  22   1      }


MODULE INFORMATION:   STATIC OVERLAYABLE
   CODE SIZE        =     22    ----
   CONSTANT SIZE    =   ----    ----
   XDATA SIZE       =   ----    ----
   PDATA SIZE       =   ----    ----
   DATA SIZE        =   ----    ----
   IDATA SIZE       =   ----    ----
   BIT SIZE         =   ----    ----
END OF MODULE INFORMATION.


C51 COMPILATION COMPLETE.  0 WARNING(S),  0 ERROR(S)
