C51 COMPILER V9.59.0.0   MAIN                                                              07/06/2022 08:26:16 PAGE 1   


C51 COMPILER V9.59.0.0, COMPILATION OF MODULE MAIN
OBJECT MODULE PLACED IN .\Objects\main.obj
COMPILER INVOKED BY: D:\keil\C51\BIN\C51.EXE main.c OPTIMIZE(8,SPEED) BROWSE DEBUG OBJECTEXTEND PRINT(.\Listings\main.ls
                    -t) OBJECT(.\Objects\main.obj)

line level    source

   1          #include <REGX51.H>
   2          #include "A.H"
   3          #include "LCD1602.H"
   4          
   5          sbit DS1302_SCLK=P3^6;
   6          sbit DS1302_CE=P3^5;
   7          sbit DS1302_IO=P3^4;
   8          
   9          //地址的定义
  10          #define DS1302_Seconds 0x80
  11          #define DS1302_Minutes 0x82
  12          #define DS1302_Hour 0x84
  13          #define DS1302_Date 0x86
  14          #define DS1302_Month 0x88
  15          #define DS1302_Week 0x8a
  16          #define DS1302_Year 0x8c
  17          #define DS1302_WP 0x8e
  18          
  19          unsigned char Time[]={55,59,23,5,7,2,22};
  20          
  21          
  22          void DS1302_Init()
  23          {
  24   1              DS1302_CE=0;//在读和写时必须将CE信号置为高电平
  25   1              DS1302_SCLK=0;//SCLK用于同步串行接口上的数据移动。
  26   1      }
  27          
  28          void DS1302_Write(unsigned char Command,date)//秒寄存器的的七位被定义为始终停止(CH)标志
  29          {
  30   1              char i;
  31   1              DS1302_CE=1;
  32   1              for(i=0;i<8;i++)
  33   1              {
  34   2                      DS1302_IO=Command&(0x01<<i);
  35   2                      DS1302_SCLK=1;
  36   2                      DS1302_SCLK=0;
  37   2              }
  38   1              for(i=0;i<8;i++)
  39   1              {
  40   2                      DS1302_IO=date&(0x01<<i);
  41   2                      DS1302_SCLK=1;
  42   2                      DS1302_SCLK=0;
  43   2              }
  44   1              DS1302_CE=0;
  45   1              
  46   1      }
  47          
  48          unsigned char DS1302_Read(unsigned char Command)
  49          {
  50   1              unsigned char i,Data=0x00;
  51   1              Command|=0x01;  //将指令转换为读指令
  52   1              DS1302_CE=1;
  53   1              for(i=0;i<8;i++)
  54   1              {
C51 COMPILER V9.59.0.0   MAIN                                                              07/06/2022 08:26:16 PAGE 2   

  55   2                      DS1302_IO=Command&(0x01<<i);
  56   2                      DS1302_SCLK=0;
  57   2                      DS1302_SCLK=1;
  58   2              }
  59   1              for(i=0;i<8;i++)
  60   1              { 
  61   2                      DS1302_SCLK=1;
  62   2                      DS1302_SCLK=0;
  63   2                      if(DS1302_IO){Data|=(0x01<<i);}
  64   2              }
  65   1              DS1302_CE=0;
  66   1              DS1302_IO=0;    //读取后将IO设置为0，否则读出的数据会出错
  67   1              return (Data/16*10+Data%16);
  68   1      }
  69          
  70          void DS1302_SetTime(void)
  71          {
  72   1              DS1302_Write(DS1302_Seconds,Time[0]/10*6+Time[0]);
  73   1              DS1302_Write(DS1302_Minutes,Time[1]/10*6+Time[1]);
  74   1              DS1302_Write(DS1302_Hour,Time[2]/10*6+Time[2]);
  75   1              DS1302_Write(DS1302_Date,Time[3]/10*6+Time[3]);
  76   1              DS1302_Write(DS1302_Month,Time[4]/10*6+Time[4]);
  77   1              DS1302_Write(DS1302_Week,Time[5]/10*6+Time[5]);
  78   1              DS1302_Write(DS1302_Year,Time[6]/10*6+Time[6]);
  79   1              DS1302_Write(DS1302_WP,Time[7]/10*6+Time[7]);
  80   1      }
  81          
  82          void main()
  83          {
  84   1              LCD_Init();
  85   1              DS1302_Init();
  86   1              DS1302_SetTime();
  87   1              while(1)
  88   1              {
  89   2                      LCD_ShowString(1,1,"Time");
  90   2                      LCD_ShowNum(2,1,DS1302_Read(0x89),2);
  91   2                      LCD_ShowNum(2,4,DS1302_Read(0x87),2);
  92   2                      LCD_ShowNum(2,7,DS1302_Read(0x85),2);
  93   2                      LCD_ShowNum(2,10,DS1302_Read(0x83),2);
  94   2                      LCD_ShowNum(2,13,DS1302_Read(0x81),2);
  95   2              }
  96   1      }


MODULE INFORMATION:   STATIC OVERLAYABLE
   CODE SIZE        =    538    ----
   CONSTANT SIZE    =      5    ----
   XDATA SIZE       =   ----    ----
   PDATA SIZE       =   ----    ----
   DATA SIZE        =      7       2
   IDATA SIZE       =   ----    ----
   BIT SIZE         =   ----    ----
END OF MODULE INFORMATION.


C51 COMPILATION COMPLETE.  0 WARNING(S),  0 ERROR(S)
