C51 COMPILER V9.59.0.0   JMAIN                                                             06/25/2022 13:17:34 PAGE 1   


C51 COMPILER V9.59.0.0, COMPILATION OF MODULE JMAIN
OBJECT MODULE PLACED IN .\Objects\jmain.obj
COMPILER INVOKED BY: D:\keil\C51\BIN\C51.EXE jmain.c OPTIMIZE(8,SPEED) BROWSE DEBUG OBJECTEXTEND PRINT(.\Listings\jmain.
                    -lst) OBJECT(.\Objects\jmain.obj)

line level    source

   1          #include <REGX51.H>
   2          #include <intrins.h>
   3          
   4          void Delay(unsigned int xms)            //@12.000MHz
   5          {
   6   1              while(xms)
   7   1              {
   8   2                      unsigned char i, j;
   9   2      
  10   2              i = 2;
  11   2              j = 239;
  12   2              do
  13   2              {
  14   3                      while (--j);
  15   3              } while (--i);
  16   2              xms--;
  17   2              }
  18   1      }
  19          
  20          void main()
  21          {
  22   1              while(1)
  23   1              {
  24   2                      P2=0xfe;//1111 1110
  25   2                      Delay(100);
  26   2                      P2=0xfd;//1111 1101
  27   2                      Delay(100);
  28   2                      P2=0xfb;//1111 1011
  29   2                      Delay(100);
  30   2                      P2=0xf7;//1111 0111
  31   2                      Delay(100);
  32   2                      P2=0xef;//1110 1111
  33   2                      Delay(100);;
  34   2                      P2=0xdf;//1101 1111
  35   2                      Delay(100);;
  36   2                      P2=0xbf;//1011 1111
  37   2                      Delay(100);;
  38   2                      P2=0x7f;//0111 1111
  39   2                      Delay(100);;
  40   2              }
  41   1      }


MODULE INFORMATION:   STATIC OVERLAYABLE
   CODE SIZE        =     78    ----
   CONSTANT SIZE    =   ----    ----
   XDATA SIZE       =   ----    ----
   PDATA SIZE       =   ----    ----
   DATA SIZE        =   ----       2
   IDATA SIZE       =   ----    ----
   BIT SIZE         =   ----    ----
END OF MODULE INFORMATION.


C51 COMPILATION COMPLETE.  0 WARNING(S),  0 ERROR(S)
