C51 COMPILER V9.59.0.0   MAIN                                                              07/17/2022 15:50:20 PAGE 1   


C51 COMPILER V9.59.0.0, COMPILATION OF MODULE MAIN
OBJECT MODULE PLACED IN .\Objects\main.obj
COMPILER INVOKED BY: D:\keil\C51\BIN\C51.EXE main.c OPTIMIZE(8,SPEED) BROWSE DEBUG OBJECTEXTEND PRINT(.\Listings\main.ls
                    -t) OBJECT(.\Objects\main.obj)

line level    source

   1          #include <REGX51.H>
   2          #include "A.H"
   3          
   4          #define MATRIX_LED_PORT P0 //宏定义P0口
   5          
   6          unsigned char text[]={0x1D,0x55,0x95,0xF7,0x08,0xFF,0x5A,0x29,0x48,0x00,0x55,0xF5,0xBF,0xF5,0x1F,0x00,
   7          0x00,0x08,0x04,0xFA,0x49,0x32,0x34,0x48,0x04,0x00,0x00,0x00,0x00,0x00,0x00,0x00,
   8          0x00,0x00,0x00,};
   9          
  10          sbit SCK=P3^6;          //SRCLK 上升沿移位(置1进行移位，移位完进行置0)
  11          sbit RCK=P3^5;          //RCLK 置1对穿行寄存器的数据进行搬运
  12          
  13          void main()
  14          {
  15   1              char i=0,j=0,conut=0;
  16   1              SCK=0;
  17   1              RCK=0;//74HC595初始化；
  18   1              while(1){
  19   2                      for(i=0;i<8;i++)
  20   2                      {
  21   3                              MatrixLED_ShowColumn(i,text[i+j]);
  22   3                      }
  23   2                      conut++;
  24   2                      if(conut>=10)
  25   2                      {
  26   3                              conut=0;
  27   3                              j++;
  28   3                      }
  29   2                      if(j>=26)
  30   2                              j=0;
  31   2      }
  32   1      }


MODULE INFORMATION:   STATIC OVERLAYABLE
   CODE SIZE        =     98    ----
   CONSTANT SIZE    =   ----    ----
   XDATA SIZE       =   ----    ----
   PDATA SIZE       =   ----    ----
   DATA SIZE        =     35       3
   IDATA SIZE       =   ----    ----
   BIT SIZE         =   ----    ----
END OF MODULE INFORMATION.


C51 COMPILATION COMPLETE.  0 WARNING(S),  0 ERROR(S)
