C51 COMPILER V9.59.0.0   A                                                                 06/25/2022 22:26:57 PAGE 1   


C51 COMPILER V9.59.0.0, COMPILATION OF MODULE A
OBJECT MODULE PLACED IN .\Objects\A.obj
COMPILER INVOKED BY: D:\keil\C51\BIN\C51.EXE A.c OPTIMIZE(8,SPEED) BROWSE DEBUG OBJECTEXTEND PRINT(.\Listings\A.lst) OBJ
                    -ECT(.\Objects\A.obj)

line level    source

   1          #include <REGX51.H>
   2          
   3          
   4          void Delay(unsigned int xms)//延时函数；
   5          {
   6   1              while(xms--)
   7   1              {
   8   2                      unsigned char i, j;
   9   2      
  10   2              i = 2;
  11   2              j = 239;
  12   2              do
  13   2              {
  14   3                      while (--j);
  15   3              } while (--i);
  16   2              }
  17   1      }
  18          
  19          
  20          unsigned char NixieTable[]={0x3F,0x06,0x5B,0x4F,0x66,0x6D,0x7D,0x07,0x7F,0x6F};
  21          void DT(unsigned char location,number)//数码管的启动；
  22          {
  23   1                      switch (location)
  24   1                      {
  25   2                              case(1):P2_4=0;P2_3=0;P2_2=0;break;
  26   2                              case(2):P2_4=0;P2_3=0;P2_2=1;break;
  27   2                              case(3):P2_4=0;P2_3=1;P2_2=0;break;
  28   2                              case(4):P2_4=0;P2_3=1;P2_2=1;break;
  29   2                              case(5):P2_4=1;P2_3=0;P2_2=0;break;
  30   2                              case(6):P2_4=1;P2_3=0;P2_2=1;break;
  31   2                              case(7):P2_4=1;P2_3=1;P2_2=0;break;
  32   2                              case(8):P2_4=1;P2_3=1;P2_2=1;break;
  33   2                      }
  34   1                      P0=NixieTable[number];
  35   1                      Delay(1);
  36   1                      P0=0x00;
  37   1      }
  38          


MODULE INFORMATION:   STATIC OVERLAYABLE
   CODE SIZE        =    134    ----
   CONSTANT SIZE    =   ----    ----
   XDATA SIZE       =   ----    ----
   PDATA SIZE       =   ----    ----
   DATA SIZE        =     10       2
   IDATA SIZE       =   ----    ----
   BIT SIZE         =   ----    ----
END OF MODULE INFORMATION.


C51 COMPILATION COMPLETE.  0 WARNING(S),  0 ERROR(S)
