C51 COMPILER V9.59.0.0   MAIN                                                              06/30/2022 16:39:29 PAGE 1   


C51 COMPILER V9.59.0.0, COMPILATION OF MODULE MAIN
OBJECT MODULE PLACED IN .\Objects\main.obj
COMPILER INVOKED BY: D:\keil\C51\BIN\C51.EXE main.c OPTIMIZE(8,SPEED) BROWSE DEBUG OBJECTEXTEND PRINT(.\Listings\main.ls
                    -t) OBJECT(.\Objects\main.obj)

line level    source

   1          #include <REGX51.H>
   2          #include "A.H"
   3          
   4          sbit RCK=P3^5;          //RCLK 置1对穿行寄存器的数据进行搬运
   5          sbit SCK=P3^6;          //SRCLK 上升沿移位(置1进行移位，移位完进行置0)
   6          sbit SER=P3^4;          //SER 串行数据输入移位寄存器
   7          
   8          #define MATRIX_LED_PORT         P0//点阵屏io口宏定义。
   9          
  10          ///**
  11          //  * @brief  74HC595写入一个字节
  12          //  * @param  Byte 要写入的字节
  13          //  * @retval 无
  14          //  */
  15          //void _74HC595_WriteByte(unsigned char Byte)
  16          //{
  17          //      unsigned char i;
  18          //      for(i=0;i<8;i++)
  19          //      {
  20          //              SER=Byte&(0x80>>i);//只要SER不等于0.那就为1；
  21          //              SCK=1;
  22          //              SCK=0;
  23          //      }
  24          //      RCK=1;
  25          //      RCK=0;
  26          //}
  27          
  28          ///**
  29          //  * @brief  LED点阵屏显示一列数据
  30          //  * @param  Column 要选择的列，范围：0~7，0在最左边
  31          //  * @param  Data 选择列显示的数据，高位在上，1为亮，0为灭
  32          //  * @retval 无
  33          //  */
  34          //void MatrixLED_ShowColumn(unsigned char Column,Data)
  35          //{
  36          //      _74HC595_WriteByte(Data);
  37          //      MATRIX_LED_PORT=~(0x80>>Column);//0列为选中
  38          //      Delay(1);
  39          //      MATRIX_LED_PORT=0xFF;//消影
  40          //}
  41          
  42          void main()
  43          {
  44   1              SCK=0;
  45   1              RCK=0;
  46   1              while(1)
  47   1              {
  48   2                      MatrixLED_ShowColumn(0,0x00);
  49   2                      MatrixLED_ShowColumn(1,0x60);
  50   2                      MatrixLED_ShowColumn(2,0x6e);
  51   2                      MatrixLED_ShowColumn(3,0x1c);
  52   2                      MatrixLED_ShowColumn(4,0x1c);
  53   2                      MatrixLED_ShowColumn(5,0x6e);
  54   2                      MatrixLED_ShowColumn(6,0x60);
C51 COMPILER V9.59.0.0   MAIN                                                              06/30/2022 16:39:29 PAGE 2   

  55   2                      MatrixLED_ShowColumn(7,0x00);
  56   2              }
  57   1      }


MODULE INFORMATION:   STATIC OVERLAYABLE
   CODE SIZE        =     75    ----
   CONSTANT SIZE    =   ----    ----
   XDATA SIZE       =   ----    ----
   PDATA SIZE       =   ----    ----
   DATA SIZE        =   ----    ----
   IDATA SIZE       =   ----    ----
   BIT SIZE         =   ----    ----
END OF MODULE INFORMATION.


C51 COMPILATION COMPLETE.  0 WARNING(S),  0 ERROR(S)
